info: ::1 - - [07/Jul/2023:07:14:10 +0000] "GET /api/v1/ HTTP/1.1" 200 9 "-" "PostmanRuntime/7.32.3"

error: uncaughtException: listen EADDRINUSE: address already in use :::3000
Error: listen EADDRINUSE: address already in use :::3000
    at Server.setupListenHandle [as _listen2] (node:net:1740:16)
    at listenInCluster (node:net:1788:12)
    at Server.listen (node:net:1876:7)
    at Function.listen (D:\workspace\awesome-project\node_modules\express\lib\application.js:635:24)
    at Object.<anonymous> (D:\workspace\awesome-project\src\/index.js:37:5)
    at Module._compile (node:internal/modules/cjs/loader:1254:14)
    at Module._compile (D:\workspace\awesome-project\node_modules\pirates\lib\index.js:117:24)
    at Module._extensions..js (node:internal/modules/cjs/loader:1308:10)
    at Object.newLoader [as .js] (D:\workspace\awesome-project\node_modules\pirates\lib\index.js:121:7)
    at Module.load (node:internal/modules/cjs/loader:1117:32)
    at Function.Module._load (node:internal/modules/cjs/loader:958:12)
    at Function.runMain (node:internal/modules/run_main:81:12)
    at Object.<anonymous> (D:\workspace\awesome-project\node_modules\@babel\node\src\_babel-node.ts:222:12)
    at Module._compile (node:internal/modules/cjs/loader:1254:14)
    at Object.Module._extensions..js (node:internal/modules/cjs/loader:1308:10)
    at Module.load (node:internal/modules/cjs/loader:1117:32)
    at Function.Module._load (node:internal/modules/cjs/loader:958:12)
    at Function.executeUserEntryPoint [as runMain] (node:internal/modules/run_main:81:12)
    at node:internal/main/run_main_module:23:47 {"date":"Fri Jul 07 2023 12:46:08 GMT+0530 (India Standard Time)","error":{"address":"::","code":"EADDRINUSE","errno":-4091,"port":3000,"syscall":"listen"},"exception":true,"os":{"loadavg":[0,0,0],"uptime":86271.531},"process":{"argv":["node","D:\\workspace\\awesome-project\\src\\index.js"],"cwd":"D:\\workspace\\awesome-project","execPath":"C:\\Program Files\\nodejs\\node.exe","gid":null,"memoryUsage":{"arrayBuffers":19177163,"external":20714109,"heapTotal":83185664,"heapUsed":56492376,"rss":121806848},"pid":8220,"uid":null,"version":"v18.16.0"},"stack":"Error: listen EADDRINUSE: address already in use :::3000\n    at Server.setupListenHandle [as _listen2] (node:net:1740:16)\n    at listenInCluster (node:net:1788:12)\n    at Server.listen (node:net:1876:7)\n    at Function.listen (D:\\workspace\\awesome-project\\node_modules\\express\\lib\\application.js:635:24)\n    at Object.<anonymous> (D:\\workspace\\awesome-project\\src\\/index.js:37:5)\n    at Module._compile (node:internal/modules/cjs/loader:1254:14)\n    at Module._compile (D:\\workspace\\awesome-project\\node_modules\\pirates\\lib\\index.js:117:24)\n    at Module._extensions..js (node:internal/modules/cjs/loader:1308:10)\n    at Object.newLoader [as .js] (D:\\workspace\\awesome-project\\node_modules\\pirates\\lib\\index.js:121:7)\n    at Module.load (node:internal/modules/cjs/loader:1117:32)\n    at Function.Module._load (node:internal/modules/cjs/loader:958:12)\n    at Function.runMain (node:internal/modules/run_main:81:12)\n    at Object.<anonymous> (D:\\workspace\\awesome-project\\node_modules\\@babel\\node\\src\\_babel-node.ts:222:12)\n    at Module._compile (node:internal/modules/cjs/loader:1254:14)\n    at Object.Module._extensions..js (node:internal/modules/cjs/loader:1308:10)\n    at Module.load (node:internal/modules/cjs/loader:1117:32)\n    at Function.Module._load (node:internal/modules/cjs/loader:958:12)\n    at Function.executeUserEntryPoint [as runMain] (node:internal/modules/run_main:81:12)\n    at node:internal/main/run_main_module:23:47","trace":[{"column":16,"file":"node:net","function":"Server.setupListenHandle [as _listen2]","line":1740,"method":"setupListenHandle [as _listen2]","native":false},{"column":12,"file":"node:net","function":"listenInCluster","line":1788,"method":null,"native":false},{"column":7,"file":"node:net","function":"Server.listen","line":1876,"method":"listen","native":false},{"column":24,"file":"D:\\workspace\\awesome-project\\node_modules\\express\\lib\\application.js","function":"Function.listen","line":635,"method":"listen","native":false},{"column":5,"file":"D:\\workspace\\awesome-project\\src\\/index.js","function":null,"line":37,"method":null,"native":false},{"column":14,"file":"node:internal/modules/cjs/loader","function":"Module._compile","line":1254,"method":"_compile","native":false},{"column":24,"file":"D:\\workspace\\awesome-project\\node_modules\\pirates\\lib\\index.js","function":"Module._compile","line":117,"method":"_compile","native":false},{"column":10,"file":"node:internal/modules/cjs/loader","function":"Module._extensions..js","line":1308,"method":".js","native":false},{"column":7,"file":"D:\\workspace\\awesome-project\\node_modules\\pirates\\lib\\index.js","function":"Object.newLoader [as .js]","line":121,"method":"js]","native":false},{"column":32,"file":"node:internal/modules/cjs/loader","function":"Module.load","line":1117,"method":"load","native":false},{"column":12,"file":"node:internal/modules/cjs/loader","function":"Module._load","line":958,"method":"_load","native":false},{"column":12,"file":"node:internal/modules/run_main","function":"Function.runMain","line":81,"method":"runMain","native":false},{"column":12,"file":"D:\\workspace\\awesome-project\\node_modules\\@babel\\node\\src\\_babel-node.ts","function":null,"line":222,"method":null,"native":false},{"column":14,"file":"node:internal/modules/cjs/loader","function":"Module._compile","line":1254,"method":"_compile","native":false},{"column":10,"file":"node:internal/modules/cjs/loader","function":"Module._extensions..js","line":1308,"method":".js","native":false},{"column":32,"file":"node:internal/modules/cjs/loader","function":"Module.load","line":1117,"method":"load","native":false},{"column":12,"file":"node:internal/modules/cjs/loader","function":"Module._load","line":958,"method":"_load","native":false},{"column":12,"file":"node:internal/modules/run_main","function":"Function.executeUserEntryPoint [as runMain]","line":81,"method":"executeUserEntryPoint [as runMain]","native":false},{"column":47,"file":"node:internal/main/run_main_module","function":null,"line":23,"method":null,"native":false}]}
info: ::1 - - [07/Jul/2023:07:16:22 +0000] "POST /api/v1/ HTTP/1.1" 200 14 "-" "PostmanRuntime/7.32.3"

error: uncaughtException: listen EADDRINUSE: address already in use :::3000
Error: listen EADDRINUSE: address already in use :::3000
    at Server.setupListenHandle [as _listen2] (node:net:1740:16)
    at listenInCluster (node:net:1788:12)
    at Server.listen (node:net:1876:7)
    at Function.listen (D:\workspace\awesome-project\node_modules\express\lib\application.js:635:24)
    at Object.<anonymous> (D:\workspace\awesome-project\src\/index.js:37:5)
    at Module._compile (node:internal/modules/cjs/loader:1254:14)
    at Module._compile (D:\workspace\awesome-project\node_modules\pirates\lib\index.js:117:24)
    at Module._extensions..js (node:internal/modules/cjs/loader:1308:10)
    at Object.newLoader [as .js] (D:\workspace\awesome-project\node_modules\pirates\lib\index.js:121:7)
    at Module.load (node:internal/modules/cjs/loader:1117:32)
    at Function.Module._load (node:internal/modules/cjs/loader:958:12)
    at Function.runMain (node:internal/modules/run_main:81:12)
    at Object.<anonymous> (D:\workspace\awesome-project\node_modules\@babel\node\src\_babel-node.ts:222:12)
    at Module._compile (node:internal/modules/cjs/loader:1254:14)
    at Object.Module._extensions..js (node:internal/modules/cjs/loader:1308:10)
    at Module.load (node:internal/modules/cjs/loader:1117:32)
    at Function.Module._load (node:internal/modules/cjs/loader:958:12)
    at Function.executeUserEntryPoint [as runMain] (node:internal/modules/run_main:81:12)
    at node:internal/main/run_main_module:23:47 {"date":"Fri Jul 07 2023 12:47:04 GMT+0530 (India Standard Time)","error":{"address":"::","code":"EADDRINUSE","errno":-4091,"port":3000,"syscall":"listen"},"exception":true,"os":{"loadavg":[0,0,0],"uptime":86327.781},"process":{"argv":["node","D:\\workspace\\awesome-project\\src\\index.js"],"cwd":"D:\\workspace\\awesome-project","execPath":"C:\\Program Files\\nodejs\\node.exe","gid":null,"memoryUsage":{"arrayBuffers":19188889,"external":20725835,"heapTotal":83185664,"heapUsed":56998872,"rss":124248064},"pid":1880,"uid":null,"version":"v18.16.0"},"stack":"Error: listen EADDRINUSE: address already in use :::3000\n    at Server.setupListenHandle [as _listen2] (node:net:1740:16)\n    at listenInCluster (node:net:1788:12)\n    at Server.listen (node:net:1876:7)\n    at Function.listen (D:\\workspace\\awesome-project\\node_modules\\express\\lib\\application.js:635:24)\n    at Object.<anonymous> (D:\\workspace\\awesome-project\\src\\/index.js:37:5)\n    at Module._compile (node:internal/modules/cjs/loader:1254:14)\n    at Module._compile (D:\\workspace\\awesome-project\\node_modules\\pirates\\lib\\index.js:117:24)\n    at Module._extensions..js (node:internal/modules/cjs/loader:1308:10)\n    at Object.newLoader [as .js] (D:\\workspace\\awesome-project\\node_modules\\pirates\\lib\\index.js:121:7)\n    at Module.load (node:internal/modules/cjs/loader:1117:32)\n    at Function.Module._load (node:internal/modules/cjs/loader:958:12)\n    at Function.runMain (node:internal/modules/run_main:81:12)\n    at Object.<anonymous> (D:\\workspace\\awesome-project\\node_modules\\@babel\\node\\src\\_babel-node.ts:222:12)\n    at Module._compile (node:internal/modules/cjs/loader:1254:14)\n    at Object.Module._extensions..js (node:internal/modules/cjs/loader:1308:10)\n    at Module.load (node:internal/modules/cjs/loader:1117:32)\n    at Function.Module._load (node:internal/modules/cjs/loader:958:12)\n    at Function.executeUserEntryPoint [as runMain] (node:internal/modules/run_main:81:12)\n    at node:internal/main/run_main_module:23:47","trace":[{"column":16,"file":"node:net","function":"Server.setupListenHandle [as _listen2]","line":1740,"method":"setupListenHandle [as _listen2]","native":false},{"column":12,"file":"node:net","function":"listenInCluster","line":1788,"method":null,"native":false},{"column":7,"file":"node:net","function":"Server.listen","line":1876,"method":"listen","native":false},{"column":24,"file":"D:\\workspace\\awesome-project\\node_modules\\express\\lib\\application.js","function":"Function.listen","line":635,"method":"listen","native":false},{"column":5,"file":"D:\\workspace\\awesome-project\\src\\/index.js","function":null,"line":37,"method":null,"native":false},{"column":14,"file":"node:internal/modules/cjs/loader","function":"Module._compile","line":1254,"method":"_compile","native":false},{"column":24,"file":"D:\\workspace\\awesome-project\\node_modules\\pirates\\lib\\index.js","function":"Module._compile","line":117,"method":"_compile","native":false},{"column":10,"file":"node:internal/modules/cjs/loader","function":"Module._extensions..js","line":1308,"method":".js","native":false},{"column":7,"file":"D:\\workspace\\awesome-project\\node_modules\\pirates\\lib\\index.js","function":"Object.newLoader [as .js]","line":121,"method":"js]","native":false},{"column":32,"file":"node:internal/modules/cjs/loader","function":"Module.load","line":1117,"method":"load","native":false},{"column":12,"file":"node:internal/modules/cjs/loader","function":"Module._load","line":958,"method":"_load","native":false},{"column":12,"file":"node:internal/modules/run_main","function":"Function.runMain","line":81,"method":"runMain","native":false},{"column":12,"file":"D:\\workspace\\awesome-project\\node_modules\\@babel\\node\\src\\_babel-node.ts","function":null,"line":222,"method":null,"native":false},{"column":14,"file":"node:internal/modules/cjs/loader","function":"Module._compile","line":1254,"method":"_compile","native":false},{"column":10,"file":"node:internal/modules/cjs/loader","function":"Module._extensions..js","line":1308,"method":".js","native":false},{"column":32,"file":"node:internal/modules/cjs/loader","function":"Module.load","line":1117,"method":"load","native":false},{"column":12,"file":"node:internal/modules/cjs/loader","function":"Module._load","line":958,"method":"_load","native":false},{"column":12,"file":"node:internal/modules/run_main","function":"Function.executeUserEntryPoint [as runMain]","line":81,"method":"executeUserEntryPoint [as runMain]","native":false},{"column":47,"file":"node:internal/main/run_main_module","function":null,"line":23,"method":null,"native":false}]}
error: uncaughtException: listen EADDRINUSE: address already in use :::3000
Error: listen EADDRINUSE: address already in use :::3000
    at Server.setupListenHandle [as _listen2] (node:net:1740:16)
    at listenInCluster (node:net:1788:12)
    at Server.listen (node:net:1876:7)
    at Function.listen (D:\workspace\awesome-project\node_modules\express\lib\application.js:635:24)
    at Object.<anonymous> (D:\workspace\awesome-project\src\/index.js:37:5)
    at Module._compile (node:internal/modules/cjs/loader:1254:14)
    at Module._compile (D:\workspace\awesome-project\node_modules\pirates\lib\index.js:117:24)
    at Module._extensions..js (node:internal/modules/cjs/loader:1308:10)
    at Object.newLoader [as .js] (D:\workspace\awesome-project\node_modules\pirates\lib\index.js:121:7)
    at Module.load (node:internal/modules/cjs/loader:1117:32)
    at Function.Module._load (node:internal/modules/cjs/loader:958:12)
    at Function.runMain (node:internal/modules/run_main:81:12)
    at Object.<anonymous> (D:\workspace\awesome-project\node_modules\@babel\node\src\_babel-node.ts:222:12)
    at Module._compile (node:internal/modules/cjs/loader:1254:14)
    at Object.Module._extensions..js (node:internal/modules/cjs/loader:1308:10)
    at Module.load (node:internal/modules/cjs/loader:1117:32)
    at Function.Module._load (node:internal/modules/cjs/loader:958:12)
    at Function.executeUserEntryPoint [as runMain] (node:internal/modules/run_main:81:12)
    at node:internal/main/run_main_module:23:47 {"date":"Fri Jul 07 2023 12:48:13 GMT+0530 (India Standard Time)","error":{"address":"::","code":"EADDRINUSE","errno":-4091,"port":3000,"syscall":"listen"},"exception":true,"os":{"loadavg":[0,0,0],"uptime":86396.39},"process":{"argv":["node","D:\\workspace\\awesome-project\\src\\index.js"],"cwd":"D:\\workspace\\awesome-project","execPath":"C:\\Program Files\\nodejs\\node.exe","gid":null,"memoryUsage":{"arrayBuffers":19198101,"external":20735047,"heapTotal":83185664,"heapUsed":56818584,"rss":124411904},"pid":10880,"uid":null,"version":"v18.16.0"},"stack":"Error: listen EADDRINUSE: address already in use :::3000\n    at Server.setupListenHandle [as _listen2] (node:net:1740:16)\n    at listenInCluster (node:net:1788:12)\n    at Server.listen (node:net:1876:7)\n    at Function.listen (D:\\workspace\\awesome-project\\node_modules\\express\\lib\\application.js:635:24)\n    at Object.<anonymous> (D:\\workspace\\awesome-project\\src\\/index.js:37:5)\n    at Module._compile (node:internal/modules/cjs/loader:1254:14)\n    at Module._compile (D:\\workspace\\awesome-project\\node_modules\\pirates\\lib\\index.js:117:24)\n    at Module._extensions..js (node:internal/modules/cjs/loader:1308:10)\n    at Object.newLoader [as .js] (D:\\workspace\\awesome-project\\node_modules\\pirates\\lib\\index.js:121:7)\n    at Module.load (node:internal/modules/cjs/loader:1117:32)\n    at Function.Module._load (node:internal/modules/cjs/loader:958:12)\n    at Function.runMain (node:internal/modules/run_main:81:12)\n    at Object.<anonymous> (D:\\workspace\\awesome-project\\node_modules\\@babel\\node\\src\\_babel-node.ts:222:12)\n    at Module._compile (node:internal/modules/cjs/loader:1254:14)\n    at Object.Module._extensions..js (node:internal/modules/cjs/loader:1308:10)\n    at Module.load (node:internal/modules/cjs/loader:1117:32)\n    at Function.Module._load (node:internal/modules/cjs/loader:958:12)\n    at Function.executeUserEntryPoint [as runMain] (node:internal/modules/run_main:81:12)\n    at node:internal/main/run_main_module:23:47","trace":[{"column":16,"file":"node:net","function":"Server.setupListenHandle [as _listen2]","line":1740,"method":"setupListenHandle [as _listen2]","native":false},{"column":12,"file":"node:net","function":"listenInCluster","line":1788,"method":null,"native":false},{"column":7,"file":"node:net","function":"Server.listen","line":1876,"method":"listen","native":false},{"column":24,"file":"D:\\workspace\\awesome-project\\node_modules\\express\\lib\\application.js","function":"Function.listen","line":635,"method":"listen","native":false},{"column":5,"file":"D:\\workspace\\awesome-project\\src\\/index.js","function":null,"line":37,"method":null,"native":false},{"column":14,"file":"node:internal/modules/cjs/loader","function":"Module._compile","line":1254,"method":"_compile","native":false},{"column":24,"file":"D:\\workspace\\awesome-project\\node_modules\\pirates\\lib\\index.js","function":"Module._compile","line":117,"method":"_compile","native":false},{"column":10,"file":"node:internal/modules/cjs/loader","function":"Module._extensions..js","line":1308,"method":".js","native":false},{"column":7,"file":"D:\\workspace\\awesome-project\\node_modules\\pirates\\lib\\index.js","function":"Object.newLoader [as .js]","line":121,"method":"js]","native":false},{"column":32,"file":"node:internal/modules/cjs/loader","function":"Module.load","line":1117,"method":"load","native":false},{"column":12,"file":"node:internal/modules/cjs/loader","function":"Module._load","line":958,"method":"_load","native":false},{"column":12,"file":"node:internal/modules/run_main","function":"Function.runMain","line":81,"method":"runMain","native":false},{"column":12,"file":"D:\\workspace\\awesome-project\\node_modules\\@babel\\node\\src\\_babel-node.ts","function":null,"line":222,"method":null,"native":false},{"column":14,"file":"node:internal/modules/cjs/loader","function":"Module._compile","line":1254,"method":"_compile","native":false},{"column":10,"file":"node:internal/modules/cjs/loader","function":"Module._extensions..js","line":1308,"method":".js","native":false},{"column":32,"file":"node:internal/modules/cjs/loader","function":"Module.load","line":1117,"method":"load","native":false},{"column":12,"file":"node:internal/modules/cjs/loader","function":"Module._load","line":958,"method":"_load","native":false},{"column":12,"file":"node:internal/modules/run_main","function":"Function.executeUserEntryPoint [as runMain]","line":81,"method":"executeUserEntryPoint [as runMain]","native":false},{"column":47,"file":"node:internal/main/run_main_module","function":null,"line":23,"method":null,"native":false}]}
info: ::1 - - [07/Jul/2023:07:18:33 +0000] "GET /api/v1/getmsg HTTP/1.1" 404 47 "-" "PostmanRuntime/7.32.3"

error: uncaughtException: listen EADDRINUSE: address already in use :::3000
Error: listen EADDRINUSE: address already in use :::3000
    at Server.setupListenHandle [as _listen2] (node:net:1740:16)
    at listenInCluster (node:net:1788:12)
    at Server.listen (node:net:1876:7)
    at Function.listen (D:\workspace\awesome-project\node_modules\express\lib\application.js:635:24)
    at Object.<anonymous> (D:\workspace\awesome-project\src\/index.js:37:5)
    at Module._compile (node:internal/modules/cjs/loader:1254:14)
    at Module._compile (D:\workspace\awesome-project\node_modules\pirates\lib\index.js:117:24)
    at Module._extensions..js (node:internal/modules/cjs/loader:1308:10)
    at Object.newLoader [as .js] (D:\workspace\awesome-project\node_modules\pirates\lib\index.js:121:7)
    at Module.load (node:internal/modules/cjs/loader:1117:32)
    at Function.Module._load (node:internal/modules/cjs/loader:958:12)
    at Function.runMain (node:internal/modules/run_main:81:12)
    at Object.<anonymous> (D:\workspace\awesome-project\node_modules\@babel\node\src\_babel-node.ts:222:12)
    at Module._compile (node:internal/modules/cjs/loader:1254:14)
    at Object.Module._extensions..js (node:internal/modules/cjs/loader:1308:10)
    at Module.load (node:internal/modules/cjs/loader:1117:32)
    at Function.Module._load (node:internal/modules/cjs/loader:958:12)
    at Function.executeUserEntryPoint [as runMain] (node:internal/modules/run_main:81:12)
    at node:internal/main/run_main_module:23:47 {"date":"Fri Jul 07 2023 12:48:58 GMT+0530 (India Standard Time)","error":{"address":"::","code":"EADDRINUSE","errno":-4091,"port":3000,"syscall":"listen"},"exception":true,"os":{"loadavg":[0,0,0],"uptime":86441.531},"process":{"argv":["node","D:\\workspace\\awesome-project\\src\\index.js"],"cwd":"D:\\workspace\\awesome-project","execPath":"C:\\Program Files\\nodejs\\node.exe","gid":null,"memoryUsage":{"arrayBuffers":19189903,"external":20726849,"heapTotal":83709952,"heapUsed":56821656,"rss":125362176},"pid":9208,"uid":null,"version":"v18.16.0"},"stack":"Error: listen EADDRINUSE: address already in use :::3000\n    at Server.setupListenHandle [as _listen2] (node:net:1740:16)\n    at listenInCluster (node:net:1788:12)\n    at Server.listen (node:net:1876:7)\n    at Function.listen (D:\\workspace\\awesome-project\\node_modules\\express\\lib\\application.js:635:24)\n    at Object.<anonymous> (D:\\workspace\\awesome-project\\src\\/index.js:37:5)\n    at Module._compile (node:internal/modules/cjs/loader:1254:14)\n    at Module._compile (D:\\workspace\\awesome-project\\node_modules\\pirates\\lib\\index.js:117:24)\n    at Module._extensions..js (node:internal/modules/cjs/loader:1308:10)\n    at Object.newLoader [as .js] (D:\\workspace\\awesome-project\\node_modules\\pirates\\lib\\index.js:121:7)\n    at Module.load (node:internal/modules/cjs/loader:1117:32)\n    at Function.Module._load (node:internal/modules/cjs/loader:958:12)\n    at Function.runMain (node:internal/modules/run_main:81:12)\n    at Object.<anonymous> (D:\\workspace\\awesome-project\\node_modules\\@babel\\node\\src\\_babel-node.ts:222:12)\n    at Module._compile (node:internal/modules/cjs/loader:1254:14)\n    at Object.Module._extensions..js (node:internal/modules/cjs/loader:1308:10)\n    at Module.load (node:internal/modules/cjs/loader:1117:32)\n    at Function.Module._load (node:internal/modules/cjs/loader:958:12)\n    at Function.executeUserEntryPoint [as runMain] (node:internal/modules/run_main:81:12)\n    at node:internal/main/run_main_module:23:47","trace":[{"column":16,"file":"node:net","function":"Server.setupListenHandle [as _listen2]","line":1740,"method":"setupListenHandle [as _listen2]","native":false},{"column":12,"file":"node:net","function":"listenInCluster","line":1788,"method":null,"native":false},{"column":7,"file":"node:net","function":"Server.listen","line":1876,"method":"listen","native":false},{"column":24,"file":"D:\\workspace\\awesome-project\\node_modules\\express\\lib\\application.js","function":"Function.listen","line":635,"method":"listen","native":false},{"column":5,"file":"D:\\workspace\\awesome-project\\src\\/index.js","function":null,"line":37,"method":null,"native":false},{"column":14,"file":"node:internal/modules/cjs/loader","function":"Module._compile","line":1254,"method":"_compile","native":false},{"column":24,"file":"D:\\workspace\\awesome-project\\node_modules\\pirates\\lib\\index.js","function":"Module._compile","line":117,"method":"_compile","native":false},{"column":10,"file":"node:internal/modules/cjs/loader","function":"Module._extensions..js","line":1308,"method":".js","native":false},{"column":7,"file":"D:\\workspace\\awesome-project\\node_modules\\pirates\\lib\\index.js","function":"Object.newLoader [as .js]","line":121,"method":"js]","native":false},{"column":32,"file":"node:internal/modules/cjs/loader","function":"Module.load","line":1117,"method":"load","native":false},{"column":12,"file":"node:internal/modules/cjs/loader","function":"Module._load","line":958,"method":"_load","native":false},{"column":12,"file":"node:internal/modules/run_main","function":"Function.runMain","line":81,"method":"runMain","native":false},{"column":12,"file":"D:\\workspace\\awesome-project\\node_modules\\@babel\\node\\src\\_babel-node.ts","function":null,"line":222,"method":null,"native":false},{"column":14,"file":"node:internal/modules/cjs/loader","function":"Module._compile","line":1254,"method":"_compile","native":false},{"column":10,"file":"node:internal/modules/cjs/loader","function":"Module._extensions..js","line":1308,"method":".js","native":false},{"column":32,"file":"node:internal/modules/cjs/loader","function":"Module.load","line":1117,"method":"load","native":false},{"column":12,"file":"node:internal/modules/cjs/loader","function":"Module._load","line":958,"method":"_load","native":false},{"column":12,"file":"node:internal/modules/run_main","function":"Function.executeUserEntryPoint [as runMain]","line":81,"method":"executeUserEntryPoint [as runMain]","native":false},{"column":47,"file":"node:internal/main/run_main_module","function":null,"line":23,"method":null,"native":false}]}
info: ::1 - - [07/Jul/2023:07:21:44 +0000] "GET /api/v1/getmsg HTTP/1.1" 200 14 "-" "PostmanRuntime/7.32.3"

error: uncaughtException: database is not defined
ReferenceError: database is not defined
    at Object.<anonymous> (D:\workspace\awesome-project\src\/index.js:30:1)
    at Module._compile (node:internal/modules/cjs/loader:1254:14)
    at Module._compile (D:\workspace\awesome-project\node_modules\pirates\lib\index.js:117:24)
    at Module._extensions..js (node:internal/modules/cjs/loader:1308:10)
    at Object.newLoader [as .js] (D:\workspace\awesome-project\node_modules\pirates\lib\index.js:121:7)
    at Module.load (node:internal/modules/cjs/loader:1117:32)
    at Function.Module._load (node:internal/modules/cjs/loader:958:12)
    at Function.runMain (node:internal/modules/run_main:81:12)
    at Object.<anonymous> (D:\workspace\awesome-project\node_modules\@babel\node\src\_babel-node.ts:222:12)
    at Module._compile (node:internal/modules/cjs/loader:1254:14)
    at Object.Module._extensions..js (node:internal/modules/cjs/loader:1308:10)
    at Module.load (node:internal/modules/cjs/loader:1117:32)
    at Function.Module._load (node:internal/modules/cjs/loader:958:12)
    at Function.executeUserEntryPoint [as runMain] (node:internal/modules/run_main:81:12)
    at node:internal/main/run_main_module:23:47 {"date":"Mon Jul 10 2023 09:42:58 GMT+0530 (India Standard Time)","error":{},"exception":true,"os":{"loadavg":[0,0,0],"uptime":334479.296},"process":{"argv":["node","D:\\workspace\\awesome-project\\src\\index.js"],"cwd":"D:\\workspace\\awesome-project","execPath":"C:\\Program Files\\nodejs\\node.exe","gid":null,"memoryUsage":{"arrayBuffers":19147340,"external":20665182,"heapTotal":85172224,"heapUsed":62230168,"rss":124895232},"pid":2792,"uid":null,"version":"v18.16.0"},"stack":"ReferenceError: database is not defined\n    at Object.<anonymous> (D:\\workspace\\awesome-project\\src\\/index.js:30:1)\n    at Module._compile (node:internal/modules/cjs/loader:1254:14)\n    at Module._compile (D:\\workspace\\awesome-project\\node_modules\\pirates\\lib\\index.js:117:24)\n    at Module._extensions..js (node:internal/modules/cjs/loader:1308:10)\n    at Object.newLoader [as .js] (D:\\workspace\\awesome-project\\node_modules\\pirates\\lib\\index.js:121:7)\n    at Module.load (node:internal/modules/cjs/loader:1117:32)\n    at Function.Module._load (node:internal/modules/cjs/loader:958:12)\n    at Function.runMain (node:internal/modules/run_main:81:12)\n    at Object.<anonymous> (D:\\workspace\\awesome-project\\node_modules\\@babel\\node\\src\\_babel-node.ts:222:12)\n    at Module._compile (node:internal/modules/cjs/loader:1254:14)\n    at Object.Module._extensions..js (node:internal/modules/cjs/loader:1308:10)\n    at Module.load (node:internal/modules/cjs/loader:1117:32)\n    at Function.Module._load (node:internal/modules/cjs/loader:958:12)\n    at Function.executeUserEntryPoint [as runMain] (node:internal/modules/run_main:81:12)\n    at node:internal/main/run_main_module:23:47","trace":[{"column":1,"file":"D:\\workspace\\awesome-project\\src\\/index.js","function":null,"line":30,"method":null,"native":false},{"column":14,"file":"node:internal/modules/cjs/loader","function":"Module._compile","line":1254,"method":"_compile","native":false},{"column":24,"file":"D:\\workspace\\awesome-project\\node_modules\\pirates\\lib\\index.js","function":"Module._compile","line":117,"method":"_compile","native":false},{"column":10,"file":"node:internal/modules/cjs/loader","function":"Module._extensions..js","line":1308,"method":".js","native":false},{"column":7,"file":"D:\\workspace\\awesome-project\\node_modules\\pirates\\lib\\index.js","function":"Object.newLoader [as .js]","line":121,"method":"js]","native":false},{"column":32,"file":"node:internal/modules/cjs/loader","function":"Module.load","line":1117,"method":"load","native":false},{"column":12,"file":"node:internal/modules/cjs/loader","function":"Module._load","line":958,"method":"_load","native":false},{"column":12,"file":"node:internal/modules/run_main","function":"Function.runMain","line":81,"method":"runMain","native":false},{"column":12,"file":"D:\\workspace\\awesome-project\\node_modules\\@babel\\node\\src\\_babel-node.ts","function":null,"line":222,"method":null,"native":false},{"column":14,"file":"node:internal/modules/cjs/loader","function":"Module._compile","line":1254,"method":"_compile","native":false},{"column":10,"file":"node:internal/modules/cjs/loader","function":"Module._extensions..js","line":1308,"method":".js","native":false},{"column":32,"file":"node:internal/modules/cjs/loader","function":"Module.load","line":1117,"method":"load","native":false},{"column":12,"file":"node:internal/modules/cjs/loader","function":"Module._load","line":958,"method":"_load","native":false},{"column":12,"file":"node:internal/modules/run_main","function":"Function.executeUserEntryPoint [as runMain]","line":81,"method":"executeUserEntryPoint [as runMain]","native":false},{"column":47,"file":"node:internal/main/run_main_module","function":null,"line":23,"method":null,"native":false}]}
error: uncaughtException: appErrorHandler is not defined
ReferenceError: appErrorHandler is not defined
    at Object.<anonymous> (D:\workspace\awesome-project\src\/index.js:31:9)
    at Module._compile (node:internal/modules/cjs/loader:1254:14)
    at Module._compile (D:\workspace\awesome-project\node_modules\pirates\lib\index.js:117:24)
    at Module._extensions..js (node:internal/modules/cjs/loader:1308:10)
    at Object.newLoader [as .js] (D:\workspace\awesome-project\node_modules\pirates\lib\index.js:121:7)
    at Module.load (node:internal/modules/cjs/loader:1117:32)
    at Function.Module._load (node:internal/modules/cjs/loader:958:12)
    at Function.runMain (node:internal/modules/run_main:81:12)
    at Object.<anonymous> (D:\workspace\awesome-project\node_modules\@babel\node\src\_babel-node.ts:222:12)
    at Module._compile (node:internal/modules/cjs/loader:1254:14)
    at Object.Module._extensions..js (node:internal/modules/cjs/loader:1308:10)
    at Module.load (node:internal/modules/cjs/loader:1117:32)
    at Function.Module._load (node:internal/modules/cjs/loader:958:12)
    at Function.executeUserEntryPoint [as runMain] (node:internal/modules/run_main:81:12)
    at node:internal/main/run_main_module:23:47 {"date":"Mon Jul 10 2023 09:45:34 GMT+0530 (India Standard Time)","error":{},"exception":true,"os":{"loadavg":[0,0,0],"uptime":334635.343},"process":{"argv":["node","D:\\workspace\\awesome-project\\src\\index.js"],"cwd":"D:\\workspace\\awesome-project","execPath":"C:\\Program Files\\nodejs\\node.exe","gid":null,"memoryUsage":{"arrayBuffers":18828210,"external":20346052,"heapTotal":82026496,"heapUsed":53766432,"rss":121659392},"pid":10160,"uid":null,"version":"v18.16.0"},"stack":"ReferenceError: appErrorHandler is not defined\n    at Object.<anonymous> (D:\\workspace\\awesome-project\\src\\/index.js:31:9)\n    at Module._compile (node:internal/modules/cjs/loader:1254:14)\n    at Module._compile (D:\\workspace\\awesome-project\\node_modules\\pirates\\lib\\index.js:117:24)\n    at Module._extensions..js (node:internal/modules/cjs/loader:1308:10)\n    at Object.newLoader [as .js] (D:\\workspace\\awesome-project\\node_modules\\pirates\\lib\\index.js:121:7)\n    at Module.load (node:internal/modules/cjs/loader:1117:32)\n    at Function.Module._load (node:internal/modules/cjs/loader:958:12)\n    at Function.runMain (node:internal/modules/run_main:81:12)\n    at Object.<anonymous> (D:\\workspace\\awesome-project\\node_modules\\@babel\\node\\src\\_babel-node.ts:222:12)\n    at Module._compile (node:internal/modules/cjs/loader:1254:14)\n    at Object.Module._extensions..js (node:internal/modules/cjs/loader:1308:10)\n    at Module.load (node:internal/modules/cjs/loader:1117:32)\n    at Function.Module._load (node:internal/modules/cjs/loader:958:12)\n    at Function.executeUserEntryPoint [as runMain] (node:internal/modules/run_main:81:12)\n    at node:internal/main/run_main_module:23:47","trace":[{"column":9,"file":"D:\\workspace\\awesome-project\\src\\/index.js","function":null,"line":31,"method":null,"native":false},{"column":14,"file":"node:internal/modules/cjs/loader","function":"Module._compile","line":1254,"method":"_compile","native":false},{"column":24,"file":"D:\\workspace\\awesome-project\\node_modules\\pirates\\lib\\index.js","function":"Module._compile","line":117,"method":"_compile","native":false},{"column":10,"file":"node:internal/modules/cjs/loader","function":"Module._extensions..js","line":1308,"method":".js","native":false},{"column":7,"file":"D:\\workspace\\awesome-project\\node_modules\\pirates\\lib\\index.js","function":"Object.newLoader [as .js]","line":121,"method":"js]","native":false},{"column":32,"file":"node:internal/modules/cjs/loader","function":"Module.load","line":1117,"method":"load","native":false},{"column":12,"file":"node:internal/modules/cjs/loader","function":"Module._load","line":958,"method":"_load","native":false},{"column":12,"file":"node:internal/modules/run_main","function":"Function.runMain","line":81,"method":"runMain","native":false},{"column":12,"file":"D:\\workspace\\awesome-project\\node_modules\\@babel\\node\\src\\_babel-node.ts","function":null,"line":222,"method":null,"native":false},{"column":14,"file":"node:internal/modules/cjs/loader","function":"Module._compile","line":1254,"method":"_compile","native":false},{"column":10,"file":"node:internal/modules/cjs/loader","function":"Module._extensions..js","line":1308,"method":".js","native":false},{"column":32,"file":"node:internal/modules/cjs/loader","function":"Module.load","line":1117,"method":"load","native":false},{"column":12,"file":"node:internal/modules/cjs/loader","function":"Module._load","line":958,"method":"_load","native":false},{"column":12,"file":"node:internal/modules/run_main","function":"Function.executeUserEntryPoint [as runMain]","line":81,"method":"executeUserEntryPoint [as runMain]","native":false},{"column":47,"file":"node:internal/main/run_main_module","function":null,"line":23,"method":null,"native":false}]}
info: ::1 - - [10/Jul/2023:11:55:40 +0000] "GET /api/v1/users HTTP/1.1" 200 29893 "-" "PostmanRuntime/7.32.3"

info: ::1 - - [10/Jul/2023:11:58:51 +0000] "GET /api/v1/users HTTP/1.1" 200 65 "-" "PostmanRuntime/7.32.3"

info: ::1 - - [10/Jul/2023:16:40:25 +0000] "GET /api/v1/users HTTP/1.1" 200 65 "-" "PostmanRuntime/7.32.3"

info: ::1 - - [10/Jul/2023:16:41:10 +0000] "GET /api/v1/abc HTTP/1.1" 404 47 "-" "PostmanRuntime/7.32.3"

info: ::1 - - [11/Jul/2023:04:29:43 +0000] "POST /api/v1/users HTTP/1.1" 500 59 "-" "PostmanRuntime/7.32.3"

info: ::1 - - [11/Jul/2023:04:33:35 +0000] "POST /api/v1/users HTTP/1.1" 201 219 "-" "PostmanRuntime/7.32.3"

info: ::1 - - [11/Jul/2023:04:36:13 +0000] "POST /api/v1/users HTTP/1.1" 201 217 "-" "PostmanRuntime/7.32.3"

info: ::1 - - [11/Jul/2023:04:47:48 +0000] "POST /api/v1/users HTTP/1.1" 201 221 "-" "PostmanRuntime/7.32.3"

info: ::1 - - [11/Jul/2023:04:56:24 +0000] "GET /api/v1/users HTTP/1.1" 200 550 "-" "PostmanRuntime/7.32.3"

info: ::1 - - [11/Jul/2023:10:26:56 +0000] "GET /api/v1/users HTTP/1.1" 200 550 "-" "PostmanRuntime/7.32.3"

info: ::1 - - [11/Jul/2023:10:28:08 +0000] "POST /api/v1/users HTTP/1.1" 201 221 "-" "PostmanRuntime/7.32.3"

info: ::1 - - [11/Jul/2023:10:28:32 +0000] "GET /api/v1/users HTTP/1.1" 200 714 "-" "PostmanRuntime/7.32.3"

info: ::1 - - [11/Jul/2023:10:52:16 +0000] "GET /api/v1/Hello HTTP/1.1" 200 14 "-" "PostmanRuntime/7.32.3"

info: ::1 - - [12/Jul/2023:03:59:16 +0000] "GET /api/v1/users HTTP/1.1" 200 714 "-" "PostmanRuntime/7.32.3"

info: ::1 - - [12/Jul/2023:04:06:41 +0000] "GET /api/v1/users/64acdc3d5d06290afcdc350d HTTP/1.1" 200 217 "-" "PostmanRuntime/7.32.3"

info: ::1 - - [12/Jul/2023:04:13:15 +0000] "PUT /api/v1/users/64acdc3d5d06290afcdc350d HTTP/1.1" 202 224 "-" "PostmanRuntime/7.32.3"

info: ::1 - - [12/Jul/2023:04:16:10 +0000] "DELETE /api/v1/users/64acdc3d5d06290afcdc350d HTTP/1.1" 200 60 "-" "PostmanRuntime/7.32.3"

info: ::1 - - [12/Jul/2023:04:41:10 +0000] "DELETE /api/v1/users HTTP/1.1" 404 47 "-" "PostmanRuntime/7.32.3"

info: ::1 - - [12/Jul/2023:04:41:23 +0000] "POST /api/v1/users HTTP/1.1" 201 224 "-" "PostmanRuntime/7.32.3"

info: ::1 - - [12/Jul/2023:04:43:42 +0000] "GET /api/v1/users HTTP/1.1" 200 721 "-" "PostmanRuntime/7.32.3"

info: ::1 - - [12/Jul/2023:05:02:02 +0000] "POST /api/v1/users HTTP/1.1" 201 222 "-" "PostmanRuntime/7.32.3"

info: ::1 - - [12/Jul/2023:05:05:48 +0000] "POST /api/v1/users HTTP/1.1" 500 55 "-" "PostmanRuntime/7.32.3"

info: ::1 - - [12/Jul/2023:05:07:13 +0000] "PUT /api/v1/users/64ae33ca5d6800388893e5b5 HTTP/1.1" 202 228 "-" "PostmanRuntime/7.32.3"

info: ::1 - - [12/Jul/2023:05:20:35 +0000] "POST /api/v1/users HTTP/1.1" 201 222 "-" "PostmanRuntime/7.32.3"

info: ::1 - - [12/Jul/2023:08:17:27 +0000] "GET /api/v1/users HTTP/1.1" 200 1057 "-" "PostmanRuntime/7.32.3"

info: ::1 - - [12/Jul/2023:08:22:36 +0000] "POST /api/v1/users HTTP/1.1" 201 223 "-" "PostmanRuntime/7.32.3"

info: ::1 - - [12/Jul/2023:08:24:27 +0000] "PUT /api/v1/users/64ae62cc8e7f1832fc6907ee HTTP/1.1" 202 223 "-" "PostmanRuntime/7.32.3"

info: ::1 - - [12/Jul/2023:08:24:57 +0000] "PUT /api/v1/users/64ae62cc8e7f1832fc6907ee HTTP/1.1" 202 220 "-" "PostmanRuntime/7.32.3"

info: ::1 - - [12/Jul/2023:08:25:15 +0000] "PUT /api/v1/users/64ae62cc8e7f1832fc6907ee HTTP/1.1" 202 217 "-" "PostmanRuntime/7.32.3"

info: ::1 - - [12/Jul/2023:08:25:58 +0000] "GET /api/v1/users HTTP/1.1" 200 1217 "-" "PostmanRuntime/7.32.3"

info: ::1 - - [12/Jul/2023:09:21:29 +0000] "GET /api/v1/users/64ae3823e6f8c90408b098a0 HTTP/1.1" 200 222 "-" "PostmanRuntime/7.32.3"

info: ::1 - - [12/Jul/2023:09:21:44 +0000] "GET /api/v1/users HTTP/1.1" 200 1217 "-" "PostmanRuntime/7.32.3"

info: ::1 - - [12/Jul/2023:09:22:27 +0000] "DELETE /api/v1/users/64ae3823e6f8c90408b098a0 HTTP/1.1" 200 60 "-" "PostmanRuntime/7.32.3"

info: ::1 - - [12/Jul/2023:09:22:48 +0000] "POST /api/v1/users HTTP/1.1" 201 217 "-" "PostmanRuntime/7.32.3"

info: ::1 - - [12/Jul/2023:09:23:11 +0000] "GET /api/v1/users HTTP/1.1" 200 1212 "-" "PostmanRuntime/7.32.3"

info: ::1 - - [12/Jul/2023:10:36:08 +0000] "DELETE /api/v1/users/64acdb9ff2487b2f58ec89c5 HTTP/1.1" 200 60 "-" "PostmanRuntime/7.32.3"

info: ::1 - - [12/Jul/2023:10:37:16 +0000] "GET /api/v1/users HTTP/1.1" 200 1050 "-" "PostmanRuntime/7.32.3"

info: ::1 - - [12/Jul/2023:10:37:37 +0000] "PUT /api/v1/users/64acdef4245a1f0d64cfb563 HTTP/1.1" 202 217 "-" "PostmanRuntime/7.32.3"

info: ::1 - - [12/Jul/2023:10:39:00 +0000] "PUT /api/v1/users/64acdef4245a1f0d64cfb563 HTTP/1.1" 202 229 "-" "PostmanRuntime/7.32.3"

info: ::1 - - [12/Jul/2023:10:40:54 +0000] "POST /api/v1/users HTTP/1.1" 201 228 "-" "PostmanRuntime/7.32.3"

info: ::1 - - [12/Jul/2023:10:42:26 +0000] "GET /api/v1/users HTTP/1.1" 200 1229 "-" "PostmanRuntime/7.32.3"

info: ::1 - - [12/Jul/2023:10:44:37 +0000] "PUT /api/v1/users/64ad2eb897aac6307cc92da5 HTTP/1.1" 202 228 "-" "PostmanRuntime/7.32.3"

info: ::1 - - [12/Jul/2023:10:45:18 +0000] "PUT /api/v1/users/64ad2eb897aac6307cc92da5 HTTP/1.1" 202 234 "-" "PostmanRuntime/7.32.3"

info: ::1 - - [12/Jul/2023:10:47:03 +0000] "GET /api/v1/users HTTP/1.1" 200 1242 "-" "PostmanRuntime/7.32.3"

info: ::1 - - [12/Jul/2023:10:47:27 +0000] "GET /api/v1/users/64ae33ca5d6800388893e5b5 HTTP/1.1" 200 228 "-" "PostmanRuntime/7.32.3"

