info: ::1 - - [12/Jul/2023:03:59:16 +0000] "GET /api/v1/users HTTP/1.1" 200 714 "-" "PostmanRuntime/7.32.3"

info: ::1 - - [12/Jul/2023:04:06:41 +0000] "GET /api/v1/users/64acdc3d5d06290afcdc350d HTTP/1.1" 200 217 "-" "PostmanRuntime/7.32.3"

info: ::1 - - [12/Jul/2023:04:13:15 +0000] "PUT /api/v1/users/64acdc3d5d06290afcdc350d HTTP/1.1" 202 224 "-" "PostmanRuntime/7.32.3"

info: ::1 - - [12/Jul/2023:04:16:10 +0000] "DELETE /api/v1/users/64acdc3d5d06290afcdc350d HTTP/1.1" 200 60 "-" "PostmanRuntime/7.32.3"

info: ::1 - - [12/Jul/2023:04:41:10 +0000] "DELETE /api/v1/users HTTP/1.1" 404 47 "-" "PostmanRuntime/7.32.3"

info: ::1 - - [12/Jul/2023:04:41:23 +0000] "POST /api/v1/users HTTP/1.1" 201 224 "-" "PostmanRuntime/7.32.3"

info: ::1 - - [12/Jul/2023:04:43:42 +0000] "GET /api/v1/users HTTP/1.1" 200 721 "-" "PostmanRuntime/7.32.3"

info: ::1 - - [12/Jul/2023:05:02:02 +0000] "POST /api/v1/users HTTP/1.1" 201 222 "-" "PostmanRuntime/7.32.3"

info: ::1 - - [12/Jul/2023:05:05:48 +0000] "POST /api/v1/users HTTP/1.1" 500 55 "-" "PostmanRuntime/7.32.3"

info: ::1 - - [12/Jul/2023:05:07:13 +0000] "PUT /api/v1/users/64ae33ca5d6800388893e5b5 HTTP/1.1" 202 228 "-" "PostmanRuntime/7.32.3"

info: ::1 - - [12/Jul/2023:05:20:35 +0000] "POST /api/v1/users HTTP/1.1" 201 222 "-" "PostmanRuntime/7.32.3"

info: ::1 - - [12/Jul/2023:08:17:27 +0000] "GET /api/v1/users HTTP/1.1" 200 1057 "-" "PostmanRuntime/7.32.3"

info: ::1 - - [12/Jul/2023:08:22:36 +0000] "POST /api/v1/users HTTP/1.1" 201 223 "-" "PostmanRuntime/7.32.3"

info: ::1 - - [12/Jul/2023:08:24:27 +0000] "PUT /api/v1/users/64ae62cc8e7f1832fc6907ee HTTP/1.1" 202 223 "-" "PostmanRuntime/7.32.3"

info: ::1 - - [12/Jul/2023:08:24:57 +0000] "PUT /api/v1/users/64ae62cc8e7f1832fc6907ee HTTP/1.1" 202 220 "-" "PostmanRuntime/7.32.3"

info: ::1 - - [12/Jul/2023:08:25:15 +0000] "PUT /api/v1/users/64ae62cc8e7f1832fc6907ee HTTP/1.1" 202 217 "-" "PostmanRuntime/7.32.3"

info: ::1 - - [12/Jul/2023:08:25:58 +0000] "GET /api/v1/users HTTP/1.1" 200 1217 "-" "PostmanRuntime/7.32.3"

info: ::1 - - [12/Jul/2023:09:21:29 +0000] "GET /api/v1/users/64ae3823e6f8c90408b098a0 HTTP/1.1" 200 222 "-" "PostmanRuntime/7.32.3"

info: ::1 - - [12/Jul/2023:09:21:44 +0000] "GET /api/v1/users HTTP/1.1" 200 1217 "-" "PostmanRuntime/7.32.3"

info: ::1 - - [12/Jul/2023:09:22:27 +0000] "DELETE /api/v1/users/64ae3823e6f8c90408b098a0 HTTP/1.1" 200 60 "-" "PostmanRuntime/7.32.3"

info: ::1 - - [12/Jul/2023:09:22:48 +0000] "POST /api/v1/users HTTP/1.1" 201 217 "-" "PostmanRuntime/7.32.3"

info: ::1 - - [12/Jul/2023:09:23:11 +0000] "GET /api/v1/users HTTP/1.1" 200 1212 "-" "PostmanRuntime/7.32.3"

info: ::1 - - [12/Jul/2023:10:36:08 +0000] "DELETE /api/v1/users/64acdb9ff2487b2f58ec89c5 HTTP/1.1" 200 60 "-" "PostmanRuntime/7.32.3"

info: ::1 - - [12/Jul/2023:10:37:16 +0000] "GET /api/v1/users HTTP/1.1" 200 1050 "-" "PostmanRuntime/7.32.3"

info: ::1 - - [12/Jul/2023:10:37:37 +0000] "PUT /api/v1/users/64acdef4245a1f0d64cfb563 HTTP/1.1" 202 217 "-" "PostmanRuntime/7.32.3"

info: ::1 - - [12/Jul/2023:10:39:00 +0000] "PUT /api/v1/users/64acdef4245a1f0d64cfb563 HTTP/1.1" 202 229 "-" "PostmanRuntime/7.32.3"

info: ::1 - - [12/Jul/2023:10:40:54 +0000] "POST /api/v1/users HTTP/1.1" 201 228 "-" "PostmanRuntime/7.32.3"

info: ::1 - - [12/Jul/2023:10:42:26 +0000] "GET /api/v1/users HTTP/1.1" 200 1229 "-" "PostmanRuntime/7.32.3"

info: ::1 - - [12/Jul/2023:10:44:37 +0000] "PUT /api/v1/users/64ad2eb897aac6307cc92da5 HTTP/1.1" 202 228 "-" "PostmanRuntime/7.32.3"

info: ::1 - - [12/Jul/2023:10:45:18 +0000] "PUT /api/v1/users/64ad2eb897aac6307cc92da5 HTTP/1.1" 202 234 "-" "PostmanRuntime/7.32.3"

info: ::1 - - [12/Jul/2023:10:47:03 +0000] "GET /api/v1/users HTTP/1.1" 200 1242 "-" "PostmanRuntime/7.32.3"

info: ::1 - - [12/Jul/2023:10:47:27 +0000] "GET /api/v1/users/64ae33ca5d6800388893e5b5 HTTP/1.1" 200 228 "-" "PostmanRuntime/7.32.3"

